common/build/outputs/logs/manifest-merger-debug-report.txt
-- Merging decision tree log ---
manifest
ADDED from sample-inputs/common/AndroidManifest.xml:17:1-22:12
INJECTED from sample-inputs/common/AndroidManifest.xml:17:1-22:12
INJECTED from sample-inputs/common/AndroidManifest.xml:17:1-22:12
INJECTED from sample-inputs/common/AndroidManifest.xml:17:1-22:12
INJECTED from sample-inputs/common/AndroidManifest.xml:17:1-22:12
INJECTED from sample-inputs/common/AndroidManifest.xml:17:1-22:12
INJECTED from sample-inputs/common/AndroidManifest.xml:17:1-22:12
	package
		ADDED from sample-inputs/common/AndroidManifest.xml:18:11-42
		INJECTED from sample-inputs/common/AndroidManifest.xml
		INJECTED from sample-inputs/common/AndroidManifest.xml
	android:versionName
		INJECTED from sample-inputs/common/AndroidManifest.xml
		ADDED from sample-inputs/common/AndroidManifest.xml:17:1-22:12
		INJECTED from sample-inputs/common/AndroidManifest.xml
	xmlns:android
		ADDED from sample-inputs/common/AndroidManifest.xml:17:11-69
	android:versionCode
		ADDED from sample-inputs/common/AndroidManifest.xml:19:11-34
		INJECTED from sample-inputs/common/AndroidManifest.xml
		INJECTED from sample-inputs/common/AndroidManifest.xml
uses-sdk
ADDED from sample-inputs/common/AndroidManifest.xml:20:5-73
INJECTED from sample-inputs/common/AndroidManifest.xml:20:5-73
INJECTED from sample-inputs/common/AndroidManifest.xml:20:5-73
INJECTED from sample-inputs/common/AndroidManifest.xml:20:5-73
INJECTED from sample-inputs/common/AndroidManifest.xml:20:5-73
	android:targetSdkVersion
		ADDED from sample-inputs/common/AndroidManifest.xml:20:15-44
		INJECTED from sample-inputs/common/AndroidManifest.xml
		INJECTED from sample-inputs/common/AndroidManifest.xml
	android:minSdkVersion
		ADDED from sample-inputs/common/AndroidManifest.xml:20:45-71
		INJECTED from sample-inputs/common/AndroidManifest.xml
		INJECTED from sample-inputs/common/AndroidManifest.xml
application
ADDED from sample-inputs/common/AndroidManifest.xml:21:5-20